This file contains any messages produced by compilers while
running configure, to aid debugging if configure makes a mistake.

It was created by mpich-testsuite configure 3.2.1, which was
generated by GNU Autoconf 2.69.  Invocation command line was

  $ /home/timndus/msc_project/mpich/mpich-3.2.1/test/mpi/configure --disable-option-checking --prefix=/home/timndus/msc_project/mpich/mpich-install --cache-file=/dev/null --srcdir=/home/timndus/msc_project/mpich/mpich-3.2.1/test/mpi

## --------- ##
## Platform. ##
## --------- ##

hostname = green_server
uname -m = x86_64
uname -r = 4.15.0-24-generic
uname -s = Linux
uname -v = #26-Ubuntu SMP Wed Jun 13 08:44:47 UTC 2018

/usr/bin/uname -p = unknown
/bin/uname -X     = unknown

/bin/arch              = unknown
/usr/bin/arch -k       = unknown
/usr/convex/getsysinfo = unknown
/usr/bin/hostinfo      = unknown
/bin/machine           = unknown
/usr/bin/oslevel       = unknown
/bin/universe          = unknown

PATH: /home/timndus/msc_project/mpich/mpich-install/bin
PATH: /usr/local/sbin
PATH: /usr/local/bin
PATH: /usr/sbin
PATH: /usr/bin
PATH: /sbin
PATH: /bin
PATH: /usr/games
PATH: /usr/local/games
PATH: /snap/bin


## ----------- ##
## Core tests. ##
## ----------- ##

configure:3378: checking for a BSD-compatible install
configure:3446: result: /usr/bin/install -c
configure:3457: checking whether build environment is sane
configure:3512: result: yes
configure:3663: checking for a thread-safe mkdir -p
configure:3702: result: mkdir -p
configure:3709: checking for gawk
configure:3725: found /usr/bin/gawk
configure:3736: result: gawk
configure:3747: checking whether make sets $(MAKE)
configure:3769: result: yes
configure:3798: checking whether make supports nested variables
configure:3815: result: yes
configure:3942: checking whether to enable maintainer-specific portions of Makefiles
configure:3951: result: yes
configure:3977: checking whether make supports nested variables
configure:3994: result: yes
configure:4462: checking for make
configure:4478: found /usr/bin/make
configure:4489: result: make
configure:4503: checking whether clock skew breaks make
configure:4528: result: no
configure:4538: checking whether make supports include
configure:4566: result: yes
configure:4575: checking whether make allows comments in actions
configure:4602: result: yes
configure:4616: checking for virtual path format
configure:4659: result: VPATH
configure:4669: checking whether make sets CFLAGS
configure:4695: result: yes
configure:5179: checking for style of include used by make
configure:5207: result: GNU
configure:5351: checking for C compiler version
configure:5360: gcc --version >&5
gcc (Ubuntu 7.3.0-16ubuntu3) 7.3.0
Copyright (C) 2017 Free Software Foundation, Inc.
This is free software; see the source for copying conditions.  There is NO
warranty; not even for MERCHANTABILITY or FITNESS FOR A PARTICULAR PURPOSE.

configure:5371: $? = 0
configure:5360: gcc -v >&5
Using built-in specs.
COLLECT_GCC=gcc
COLLECT_LTO_WRAPPER=/usr/lib/gcc/x86_64-linux-gnu/7/lto-wrapper
OFFLOAD_TARGET_NAMES=nvptx-none
OFFLOAD_TARGET_DEFAULT=1
Target: x86_64-linux-gnu
Configured with: ../src/configure -v --with-pkgversion='Ubuntu 7.3.0-16ubuntu3' --with-bugurl=file:///usr/share/doc/gcc-7/README.Bugs --enable-languages=c,ada,c++,go,brig,d,fortran,objc,obj-c++ --prefix=/usr --with-gcc-major-version-only --with-as=/usr/bin/x86_64-linux-gnu-as --with-ld=/usr/bin/x86_64-linux-gnu-ld --program-suffix=-7 --program-prefix=x86_64-linux-gnu- --enable-shared --enable-linker-build-id --libexecdir=/usr/lib --without-included-gettext --enable-threads=posix --libdir=/usr/lib --enable-nls --with-sysroot=/ --enable-clocale=gnu --enable-libstdcxx-debug --enable-libstdcxx-time=yes --with-default-libstdcxx-abi=new --enable-gnu-unique-object --disable-vtable-verify --enable-libmpx --enable-plugin --enable-default-pie --with-system-zlib --with-target-system-zlib --enable-objc-gc=auto --enable-multiarch --disable-werror --with-arch-32=i686 --with-abi=m64 --with-multilib-list=m32,m64,mx32 --enable-multilib --with-tune=generic --enable-offload-targets=nvptx-none --without-cuda-driver --enable-checking=release --build=x86_64-linux-gnu --host=x86_64-linux-gnu --target=x86_64-linux-gnu
Thread model: posix
gcc version 7.3.0 (Ubuntu 7.3.0-16ubuntu3) 
configure:5371: $? = 0
configure:5360: gcc -V >&5
gcc: error: unrecognized command line option '-V'
gcc: fatal error: no input files
compilation terminated.
configure:5371: $? = 1
configure:5360: gcc -qversion >&5
gcc: error: unrecognized command line option '-qversion'; did you mean '--version'?
gcc: fatal error: no input files
compilation terminated.
configure:5371: $? = 1
configure:5391: checking whether the C compiler works
configure:5413: gcc    conftest.c  >&5
configure:5417: $? = 0
configure:5465: result: yes
configure:5468: checking for C compiler default output file name
configure:5470: result: a.out
configure:5476: checking for suffix of executables
configure:5483: gcc -o conftest    conftest.c  >&5
configure:5487: $? = 0
configure:5509: result: 
configure:5531: checking whether we are cross compiling
configure:5539: gcc -o conftest    conftest.c  >&5
configure:5543: $? = 0
configure:5550: ./conftest
configure:5554: $? = 0
configure:5569: result: no
configure:5574: checking for suffix of object files
configure:5596: gcc -c   conftest.c >&5
configure:5600: $? = 0
configure:5621: result: o
configure:5625: checking whether we are using the GNU C compiler
configure:5644: gcc -c   conftest.c >&5
configure:5644: $? = 0
configure:5653: result: yes
configure:5662: checking whether gcc accepts -g
configure:5682: gcc -c -g  conftest.c >&5
configure:5682: $? = 0
configure:5723: result: yes
configure:5740: checking for gcc option to accept ISO C89
configure:5803: gcc  -c   conftest.c >&5
configure:5803: $? = 0
configure:5816: result: none needed
configure:5841: checking whether gcc understands -c and -o together
configure:5863: gcc -c conftest.c -o conftest2.o
configure:5866: $? = 0
configure:5863: gcc -c conftest.c -o conftest2.o
configure:5866: $? = 0
configure:5878: result: yes
configure:5897: checking dependency style of gcc
configure:6008: result: gcc3
configure:6080: checking whether long double is supported
configure:6099: gcc -c   conftest.c >&5
configure:6099: $? = 0
configure:6107: result: yes
configure:6115: checking whether long long is supported
configure:6134: gcc -c   conftest.c >&5
configure:6134: $? = 0
configure:6142: result: yes
configure:6151: checking for an ANSI C-conforming const
configure:6217: gcc -c   conftest.c >&5
configure:6217: $? = 0
configure:6224: result: yes
configure:6232: checking for C/C++ restrict keyword
configure:6257: gcc -c   conftest.c >&5
configure:6257: $? = 0
configure:6265: result: __restrict
configure:6324: checking for ranlib
configure:6351: result: ranlib
configure:6475: checking the archiver (ar) interface
configure:6491: gcc -c   conftest.c >&5
configure:6491: $? = 0
configure:6493: ar cru libconftest.a conftest.o >&5
ar: `u' modifier ignored since `D' is the default (see `U')
configure:6496: $? = 0
configure:6524: result: ar
configure:6552: checking for grep that handles long lines and -e
configure:6610: result: /bin/grep
configure:6615: checking for fgrep
configure:6677: result: /bin/grep -F
configure:7506: checking how to run the C preprocessor
configure:7537: gcc -E  conftest.c
configure:7537: $? = 0
configure:7551: gcc -E  conftest.c
conftest.c:16:10: fatal error: ac_nonexistent.h: No such file or directory
 #include <ac_nonexistent.h>
          ^~~~~~~~~~~~~~~~~~
compilation terminated.
configure:7551: $? = 1
configure: failed program was:
| /* confdefs.h */
| #define PACKAGE_NAME "mpich-testsuite"
| #define PACKAGE_TARNAME "mpich-testsuite"
| #define PACKAGE_VERSION "3.2.1"
| #define PACKAGE_STRING "mpich-testsuite 3.2.1"
| #define PACKAGE_BUGREPORT "discuss@mpich.org"
| #define PACKAGE_URL "http://www.mpich.org/"
| #define PACKAGE "mpich-testsuite"
| #define VERSION "3.2.1"
| #define HAVE_MPI_SPAWN 1
| #define HAVE_MPI_WIN_CREATE 1
| #define HAVE_LONG_DOUBLE 1
| #define HAVE_LONG_LONG 1
| #define restrict __restrict
| /* end confdefs.h.  */
| #include <ac_nonexistent.h>
configure:7576: result: gcc -E
configure:7596: gcc -E  conftest.c
configure:7596: $? = 0
configure:7610: gcc -E  conftest.c
conftest.c:16:10: fatal error: ac_nonexistent.h: No such file or directory
 #include <ac_nonexistent.h>
          ^~~~~~~~~~~~~~~~~~
compilation terminated.
configure:7610: $? = 1
configure: failed program was:
| /* confdefs.h */
| #define PACKAGE_NAME "mpich-testsuite"
| #define PACKAGE_TARNAME "mpich-testsuite"
| #define PACKAGE_VERSION "3.2.1"
| #define PACKAGE_STRING "mpich-testsuite 3.2.1"
| #define PACKAGE_BUGREPORT "discuss@mpich.org"
| #define PACKAGE_URL "http://www.mpich.org/"
| #define PACKAGE "mpich-testsuite"
| #define VERSION "3.2.1"
| #define HAVE_MPI_SPAWN 1
| #define HAVE_MPI_WIN_CREATE 1
| #define HAVE_LONG_DOUBLE 1
| #define HAVE_LONG_LONG 1
| #define restrict __restrict
| /* end confdefs.h.  */
| #include <ac_nonexistent.h>
configure:7639: checking for egrep
configure:7701: result: /bin/grep -E
configure:7706: checking for ANSI C header files
configure:7726: gcc -c    conftest.c >&5
configure:7726: $? = 0
configure:7799: gcc -o conftest     conftest.c  >&5
configure:7799: $? = 0
configure:7799: ./conftest
configure:7799: $? = 0
configure:7810: result: yes
configure:7823: checking for sys/types.h
configure:7823: gcc -c    conftest.c >&5
configure:7823: $? = 0
configure:7823: result: yes
configure:7823: checking for sys/stat.h
configure:7823: gcc -c    conftest.c >&5
configure:7823: $? = 0
configure:7823: result: yes
configure:7823: checking for stdlib.h
configure:7823: gcc -c    conftest.c >&5
configure:7823: $? = 0
configure:7823: result: yes
configure:7823: checking for string.h
configure:7823: gcc -c    conftest.c >&5
configure:7823: $? = 0
configure:7823: result: yes
configure:7823: checking for memory.h
configure:7823: gcc -c    conftest.c >&5
configure:7823: $? = 0
configure:7823: result: yes
configure:7823: checking for strings.h
configure:7823: gcc -c    conftest.c >&5
configure:7823: $? = 0
configure:7823: result: yes
configure:7823: checking for inttypes.h
configure:7823: gcc -c    conftest.c >&5
configure:7823: $? = 0
configure:7823: result: yes
configure:7823: checking for stdint.h
configure:7823: gcc -c    conftest.c >&5
configure:7823: $? = 0
configure:7823: result: yes
configure:7823: checking for unistd.h
configure:7823: gcc -c    conftest.c >&5
configure:7823: $? = 0
configure:7823: result: yes
configure:7838: checking stdarg.h usability
configure:7838: gcc -c    conftest.c >&5
configure:7838: $? = 0
configure:7838: result: yes
configure:7838: checking stdarg.h presence
configure:7838: gcc -E  conftest.c
configure:7838: $? = 0
configure:7838: result: yes
configure:7838: checking for stdarg.h
configure:7838: result: yes
configure:7838: checking sys/time.h usability
configure:7838: gcc -c    conftest.c >&5
configure:7838: $? = 0
configure:7838: result: yes
configure:7838: checking sys/time.h presence
configure:7838: gcc -E  conftest.c
configure:7838: $? = 0
configure:7838: result: yes
configure:7838: checking for sys/time.h
configure:7838: result: yes
configure:7838: checking sys/resource.h usability
configure:7838: gcc -c    conftest.c >&5
configure:7838: $? = 0
configure:7838: result: yes
configure:7838: checking sys/resource.h presence
configure:7838: gcc -E  conftest.c
configure:7838: $? = 0
configure:7838: result: yes
configure:7838: checking for sys/resource.h
configure:7838: result: yes
configure:7850: checking for int8_t
configure:7850: gcc -c    conftest.c >&5
configure:7850: $? = 0
configure:7850: gcc -c    conftest.c >&5
conftest.c: In function 'main':
conftest.c:66:12: error: size of array 'test_array' is negative
 static int test_array [1 - 2 * !((int8_t) (((((int8_t) 1 << N) << N) - 1) * 2 + 1)
            ^~~~~~~~~~
configure:7850: $? = 1
configure: failed program was:
| /* confdefs.h */
| #define PACKAGE_NAME "mpich-testsuite"
| #define PACKAGE_TARNAME "mpich-testsuite"
| #define PACKAGE_VERSION "3.2.1"
| #define PACKAGE_STRING "mpich-testsuite 3.2.1"
| #define PACKAGE_BUGREPORT "discuss@mpich.org"
| #define PACKAGE_URL "http://www.mpich.org/"
| #define PACKAGE "mpich-testsuite"
| #define VERSION "3.2.1"
| #define HAVE_MPI_SPAWN 1
| #define HAVE_MPI_WIN_CREATE 1
| #define HAVE_LONG_DOUBLE 1
| #define HAVE_LONG_LONG 1
| #define restrict __restrict
| #define STDC_HEADERS 1
| #define HAVE_SYS_TYPES_H 1
| #define HAVE_SYS_STAT_H 1
| #define HAVE_STDLIB_H 1
| #define HAVE_STRING_H 1
| #define HAVE_MEMORY_H 1
| #define HAVE_STRINGS_H 1
| #define HAVE_INTTYPES_H 1
| #define HAVE_STDINT_H 1
| #define HAVE_UNISTD_H 1
| #define HAVE_STDARG_H 1
| #define HAVE_SYS_TIME_H 1
| #define HAVE_SYS_RESOURCE_H 1
| /* end confdefs.h.  */
| #include <stdio.h>
| #ifdef HAVE_SYS_TYPES_H
| # include <sys/types.h>
| #endif
| #ifdef HAVE_SYS_STAT_H
| # include <sys/stat.h>
| #endif
| #ifdef STDC_HEADERS
| # include <stdlib.h>
| # include <stddef.h>
| #else
| # ifdef HAVE_STDLIB_H
| #  include <stdlib.h>
| # endif
| #endif
| #ifdef HAVE_STRING_H
| # if !defined STDC_HEADERS && defined HAVE_MEMORY_H
| #  include <memory.h>
| # endif
| # include <string.h>
| #endif
| #ifdef HAVE_STRINGS_H
| # include <strings.h>
| #endif
| #ifdef HAVE_INTTYPES_H
| # include <inttypes.h>
| #endif
| #ifdef HAVE_STDINT_H
| # include <stdint.h>
| #endif
| #ifdef HAVE_UNISTD_H
| # include <unistd.h>
| #endif
| 	        enum { N = 8 / 2 - 1 };
| int
| main ()
| {
| static int test_array [1 - 2 * !((int8_t) (((((int8_t) 1 << N) << N) - 1) * 2 + 1)
| 		 < (int8_t) (((((int8_t) 1 << N) << N) - 1) * 2 + 2))];
| test_array [0] = 0;
| return test_array [0];
| 
|   ;
|   return 0;
| }
configure:7850: result: yes
configure:7861: checking for int16_t
configure:7861: gcc -c    conftest.c >&5
configure:7861: $? = 0
configure:7861: gcc -c    conftest.c >&5
conftest.c: In function 'main':
conftest.c:66:12: error: size of array 'test_array' is negative
 static int test_array [1 - 2 * !((int16_t) (((((int16_t) 1 << N) << N) - 1) * 2 + 1)
            ^~~~~~~~~~
configure:7861: $? = 1
configure: failed program was:
| /* confdefs.h */
| #define PACKAGE_NAME "mpich-testsuite"
| #define PACKAGE_TARNAME "mpich-testsuite"
| #define PACKAGE_VERSION "3.2.1"
| #define PACKAGE_STRING "mpich-testsuite 3.2.1"
| #define PACKAGE_BUGREPORT "discuss@mpich.org"
| #define PACKAGE_URL "http://www.mpich.org/"
| #define PACKAGE "mpich-testsuite"
| #define VERSION "3.2.1"
| #define HAVE_MPI_SPAWN 1
| #define HAVE_MPI_WIN_CREATE 1
| #define HAVE_LONG_DOUBLE 1
| #define HAVE_LONG_LONG 1
| #define restrict __restrict
| #define STDC_HEADERS 1
| #define HAVE_SYS_TYPES_H 1
| #define HAVE_SYS_STAT_H 1
| #define HAVE_STDLIB_H 1
| #define HAVE_STRING_H 1
| #define HAVE_MEMORY_H 1
| #define HAVE_STRINGS_H 1
| #define HAVE_INTTYPES_H 1
| #define HAVE_STDINT_H 1
| #define HAVE_UNISTD_H 1
| #define HAVE_STDARG_H 1
| #define HAVE_SYS_TIME_H 1
| #define HAVE_SYS_RESOURCE_H 1
| /* end confdefs.h.  */
| #include <stdio.h>
| #ifdef HAVE_SYS_TYPES_H
| # include <sys/types.h>
| #endif
| #ifdef HAVE_SYS_STAT_H
| # include <sys/stat.h>
| #endif
| #ifdef STDC_HEADERS
| # include <stdlib.h>
| # include <stddef.h>
| #else
| # ifdef HAVE_STDLIB_H
| #  include <stdlib.h>
| # endif
| #endif
| #ifdef HAVE_STRING_H
| # if !defined STDC_HEADERS && defined HAVE_MEMORY_H
| #  include <memory.h>
| # endif
| # include <string.h>
| #endif
| #ifdef HAVE_STRINGS_H
| # include <strings.h>
| #endif
| #ifdef HAVE_INTTYPES_H
| # include <inttypes.h>
| #endif
| #ifdef HAVE_STDINT_H
| # include <stdint.h>
| #endif
| #ifdef HAVE_UNISTD_H
| # include <unistd.h>
| #endif
| 	        enum { N = 16 / 2 - 1 };
| int
| main ()
| {
| static int test_array [1 - 2 * !((int16_t) (((((int16_t) 1 << N) << N) - 1) * 2 + 1)
| 		 < (int16_t) (((((int16_t) 1 << N) << N) - 1) * 2 + 2))];
| test_array [0] = 0;
| return test_array [0];
| 
|   ;
|   return 0;
| }
configure:7861: result: yes
configure:7872: checking for int32_t
configure:7872: gcc -c    conftest.c >&5
configure:7872: $? = 0
configure:7872: gcc -c    conftest.c >&5
conftest.c: In function 'main':
conftest.c:67:53: warning: integer overflow in expression [-Woverflow]
    < (int32_t) (((((int32_t) 1 << N) << N) - 1) * 2 + 2))];
                                                     ^
conftest.c:66:12: error: storage size of 'test_array' isn't constant
 static int test_array [1 - 2 * !((int32_t) (((((int32_t) 1 << N) << N) - 1) * 2 + 1)
            ^~~~~~~~~~
configure:7872: $? = 1
configure: failed program was:
| /* confdefs.h */
| #define PACKAGE_NAME "mpich-testsuite"
| #define PACKAGE_TARNAME "mpich-testsuite"
| #define PACKAGE_VERSION "3.2.1"
| #define PACKAGE_STRING "mpich-testsuite 3.2.1"
| #define PACKAGE_BUGREPORT "discuss@mpich.org"
| #define PACKAGE_URL "http://www.mpich.org/"
| #define PACKAGE "mpich-testsuite"
| #define VERSION "3.2.1"
| #define HAVE_MPI_SPAWN 1
| #define HAVE_MPI_WIN_CREATE 1
| #define HAVE_LONG_DOUBLE 1
| #define HAVE_LONG_LONG 1
| #define restrict __restrict
| #define STDC_HEADERS 1
| #define HAVE_SYS_TYPES_H 1
| #define HAVE_SYS_STAT_H 1
| #define HAVE_STDLIB_H 1
| #define HAVE_STRING_H 1
| #define HAVE_MEMORY_H 1
| #define HAVE_STRINGS_H 1
| #define HAVE_INTTYPES_H 1
| #define HAVE_STDINT_H 1
| #define HAVE_UNISTD_H 1
| #define HAVE_STDARG_H 1
| #define HAVE_SYS_TIME_H 1
| #define HAVE_SYS_RESOURCE_H 1
| /* end confdefs.h.  */
| #include <stdio.h>
| #ifdef HAVE_SYS_TYPES_H
| # include <sys/types.h>
| #endif
| #ifdef HAVE_SYS_STAT_H
| # include <sys/stat.h>
| #endif
| #ifdef STDC_HEADERS
| # include <stdlib.h>
| # include <stddef.h>
| #else
| # ifdef HAVE_STDLIB_H
| #  include <stdlib.h>
| # endif
| #endif
| #ifdef HAVE_STRING_H
| # if !defined STDC_HEADERS && defined HAVE_MEMORY_H
| #  include <memory.h>
| # endif
| # include <string.h>
| #endif
| #ifdef HAVE_STRINGS_H
| # include <strings.h>
| #endif
| #ifdef HAVE_INTTYPES_H
| # include <inttypes.h>
| #endif
| #ifdef HAVE_STDINT_H
| # include <stdint.h>
| #endif
| #ifdef HAVE_UNISTD_H
| # include <unistd.h>
| #endif
| 	        enum { N = 32 / 2 - 1 };
| int
| main ()
| {
| static int test_array [1 - 2 * !((int32_t) (((((int32_t) 1 << N) << N) - 1) * 2 + 1)
| 		 < (int32_t) (((((int32_t) 1 << N) << N) - 1) * 2 + 2))];
| test_array [0] = 0;
| return test_array [0];
| 
|   ;
|   return 0;
| }
configure:7872: result: yes
configure:7883: checking for int64_t
configure:7883: gcc -c    conftest.c >&5
configure:7883: $? = 0
configure:7883: gcc -c    conftest.c >&5
conftest.c: In function 'main':
conftest.c:67:53: warning: integer overflow in expression [-Woverflow]
    < (int64_t) (((((int64_t) 1 << N) << N) - 1) * 2 + 2))];
                                                     ^
conftest.c:66:12: error: storage size of 'test_array' isn't constant
 static int test_array [1 - 2 * !((int64_t) (((((int64_t) 1 << N) << N) - 1) * 2 + 1)
            ^~~~~~~~~~
configure:7883: $? = 1
configure: failed program was:
| /* confdefs.h */
| #define PACKAGE_NAME "mpich-testsuite"
| #define PACKAGE_TARNAME "mpich-testsuite"
| #define PACKAGE_VERSION "3.2.1"
| #define PACKAGE_STRING "mpich-testsuite 3.2.1"
| #define PACKAGE_BUGREPORT "discuss@mpich.org"
| #define PACKAGE_URL "http://www.mpich.org/"
| #define PACKAGE "mpich-testsuite"
| #define VERSION "3.2.1"
| #define HAVE_MPI_SPAWN 1
| #define HAVE_MPI_WIN_CREATE 1
| #define HAVE_LONG_DOUBLE 1
| #define HAVE_LONG_LONG 1
| #define restrict __restrict
| #define STDC_HEADERS 1
| #define HAVE_SYS_TYPES_H 1
| #define HAVE_SYS_STAT_H 1
| #define HAVE_STDLIB_H 1
| #define HAVE_STRING_H 1
| #define HAVE_MEMORY_H 1
| #define HAVE_STRINGS_H 1
| #define HAVE_INTTYPES_H 1
| #define HAVE_STDINT_H 1
| #define HAVE_UNISTD_H 1
| #define HAVE_STDARG_H 1
| #define HAVE_SYS_TIME_H 1
| #define HAVE_SYS_RESOURCE_H 1
| /* end confdefs.h.  */
| #include <stdio.h>
| #ifdef HAVE_SYS_TYPES_H
| # include <sys/types.h>
| #endif
| #ifdef HAVE_SYS_STAT_H
| # include <sys/stat.h>
| #endif
| #ifdef STDC_HEADERS
| # include <stdlib.h>
| # include <stddef.h>
| #else
| # ifdef HAVE_STDLIB_H
| #  include <stdlib.h>
| # endif
| #endif
| #ifdef HAVE_STRING_H
| # if !defined STDC_HEADERS && defined HAVE_MEMORY_H
| #  include <memory.h>
| # endif
| # include <string.h>
| #endif
| #ifdef HAVE_STRINGS_H
| # include <strings.h>
| #endif
| #ifdef HAVE_INTTYPES_H
| # include <inttypes.h>
| #endif
| #ifdef HAVE_STDINT_H
| # include <stdint.h>
| #endif
| #ifdef HAVE_UNISTD_H
| # include <unistd.h>
| #endif
| 	        enum { N = 64 / 2 - 1 };
| int
| main ()
| {
| static int test_array [1 - 2 * !((int64_t) (((((int64_t) 1 << N) << N) - 1) * 2 + 1)
| 		 < (int64_t) (((((int64_t) 1 << N) << N) - 1) * 2 + 2))];
| test_array [0] = 0;
| return test_array [0];
| 
|   ;
|   return 0;
| }
configure:7883: result: yes
configure:7894: checking for uint8_t
configure:7894: gcc -c    conftest.c >&5
configure:7894: $? = 0
configure:7894: result: yes
configure:7908: checking for uint16_t
configure:7908: gcc -c    conftest.c >&5
configure:7908: $? = 0
configure:7908: result: yes
configure:7920: checking for uint32_t
configure:7920: gcc -c    conftest.c >&5
configure:7920: $? = 0
configure:7920: result: yes
configure:7934: checking for uint64_t
configure:7934: gcc -c    conftest.c >&5
configure:7934: $? = 0
configure:7934: result: yes
configure:7950: checking for _Bool
configure:7950: gcc -c    conftest.c >&5
configure:7950: $? = 0
configure:7950: gcc -c    conftest.c >&5
conftest.c: In function 'main':
conftest.c:65:20: error: expected expression before ')' token
 if (sizeof ((_Bool)))
                    ^
configure:7950: $? = 1
configure: failed program was:
| /* confdefs.h */
| #define PACKAGE_NAME "mpich-testsuite"
| #define PACKAGE_TARNAME "mpich-testsuite"
| #define PACKAGE_VERSION "3.2.1"
| #define PACKAGE_STRING "mpich-testsuite 3.2.1"
| #define PACKAGE_BUGREPORT "discuss@mpich.org"
| #define PACKAGE_URL "http://www.mpich.org/"
| #define PACKAGE "mpich-testsuite"
| #define VERSION "3.2.1"
| #define HAVE_MPI_SPAWN 1
| #define HAVE_MPI_WIN_CREATE 1
| #define HAVE_LONG_DOUBLE 1
| #define HAVE_LONG_LONG 1
| #define restrict __restrict
| #define STDC_HEADERS 1
| #define HAVE_SYS_TYPES_H 1
| #define HAVE_SYS_STAT_H 1
| #define HAVE_STDLIB_H 1
| #define HAVE_STRING_H 1
| #define HAVE_MEMORY_H 1
| #define HAVE_STRINGS_H 1
| #define HAVE_INTTYPES_H 1
| #define HAVE_STDINT_H 1
| #define HAVE_UNISTD_H 1
| #define HAVE_STDARG_H 1
| #define HAVE_SYS_TIME_H 1
| #define HAVE_SYS_RESOURCE_H 1
| /* end confdefs.h.  */
| #include <stdio.h>
| #ifdef HAVE_SYS_TYPES_H
| # include <sys/types.h>
| #endif
| #ifdef HAVE_SYS_STAT_H
| # include <sys/stat.h>
| #endif
| #ifdef STDC_HEADERS
| # include <stdlib.h>
| # include <stddef.h>
| #else
| # ifdef HAVE_STDLIB_H
| #  include <stdlib.h>
| # endif
| #endif
| #ifdef HAVE_STRING_H
| # if !defined STDC_HEADERS && defined HAVE_MEMORY_H
| #  include <memory.h>
| # endif
| # include <string.h>
| #endif
| #ifdef HAVE_STRINGS_H
| # include <strings.h>
| #endif
| #ifdef HAVE_INTTYPES_H
| # include <inttypes.h>
| #endif
| #ifdef HAVE_STDINT_H
| # include <stdint.h>
| #endif
| #ifdef HAVE_UNISTD_H
| # include <unistd.h>
| #endif
| int
| main ()
| {
| if (sizeof ((_Bool)))
| 	    return 0;
|   ;
|   return 0;
| }
configure:7950: result: yes
configure:7959: checking for float _Complex
configure:7959: gcc -c    conftest.c >&5
configure:7959: $? = 0
configure:7959: gcc -c    conftest.c >&5
conftest.c: In function 'main':
conftest.c:66:29: error: expected expression before ')' token
 if (sizeof ((float _Complex)))
                             ^
configure:7959: $? = 1
configure: failed program was:
| /* confdefs.h */
| #define PACKAGE_NAME "mpich-testsuite"
| #define PACKAGE_TARNAME "mpich-testsuite"
| #define PACKAGE_VERSION "3.2.1"
| #define PACKAGE_STRING "mpich-testsuite 3.2.1"
| #define PACKAGE_BUGREPORT "discuss@mpich.org"
| #define PACKAGE_URL "http://www.mpich.org/"
| #define PACKAGE "mpich-testsuite"
| #define VERSION "3.2.1"
| #define HAVE_MPI_SPAWN 1
| #define HAVE_MPI_WIN_CREATE 1
| #define HAVE_LONG_DOUBLE 1
| #define HAVE_LONG_LONG 1
| #define restrict __restrict
| #define STDC_HEADERS 1
| #define HAVE_SYS_TYPES_H 1
| #define HAVE_SYS_STAT_H 1
| #define HAVE_STDLIB_H 1
| #define HAVE_STRING_H 1
| #define HAVE_MEMORY_H 1
| #define HAVE_STRINGS_H 1
| #define HAVE_INTTYPES_H 1
| #define HAVE_STDINT_H 1
| #define HAVE_UNISTD_H 1
| #define HAVE_STDARG_H 1
| #define HAVE_SYS_TIME_H 1
| #define HAVE_SYS_RESOURCE_H 1
| #define HAVE__BOOL 1
| /* end confdefs.h.  */
| #include <stdio.h>
| #ifdef HAVE_SYS_TYPES_H
| # include <sys/types.h>
| #endif
| #ifdef HAVE_SYS_STAT_H
| # include <sys/stat.h>
| #endif
| #ifdef STDC_HEADERS
| # include <stdlib.h>
| # include <stddef.h>
| #else
| # ifdef HAVE_STDLIB_H
| #  include <stdlib.h>
| # endif
| #endif
| #ifdef HAVE_STRING_H
| # if !defined STDC_HEADERS && defined HAVE_MEMORY_H
| #  include <memory.h>
| # endif
| # include <string.h>
| #endif
| #ifdef HAVE_STRINGS_H
| # include <strings.h>
| #endif
| #ifdef HAVE_INTTYPES_H
| # include <inttypes.h>
| #endif
| #ifdef HAVE_STDINT_H
| # include <stdint.h>
| #endif
| #ifdef HAVE_UNISTD_H
| # include <unistd.h>
| #endif
| int
| main ()
| {
| if (sizeof ((float _Complex)))
| 	    return 0;
|   ;
|   return 0;
| }
configure:7959: result: yes
configure:7968: checking for double _Complex
configure:7968: gcc -c    conftest.c >&5
configure:7968: $? = 0
configure:7968: gcc -c    conftest.c >&5
conftest.c: In function 'main':
conftest.c:67:30: error: expected expression before ')' token
 if (sizeof ((double _Complex)))
                              ^
configure:7968: $? = 1
configure: failed program was:
| /* confdefs.h */
| #define PACKAGE_NAME "mpich-testsuite"
| #define PACKAGE_TARNAME "mpich-testsuite"
| #define PACKAGE_VERSION "3.2.1"
| #define PACKAGE_STRING "mpich-testsuite 3.2.1"
| #define PACKAGE_BUGREPORT "discuss@mpich.org"
| #define PACKAGE_URL "http://www.mpich.org/"
| #define PACKAGE "mpich-testsuite"
| #define VERSION "3.2.1"
| #define HAVE_MPI_SPAWN 1
| #define HAVE_MPI_WIN_CREATE 1
| #define HAVE_LONG_DOUBLE 1
| #define HAVE_LONG_LONG 1
| #define restrict __restrict
| #define STDC_HEADERS 1
| #define HAVE_SYS_TYPES_H 1
| #define HAVE_SYS_STAT_H 1
| #define HAVE_STDLIB_H 1
| #define HAVE_STRING_H 1
| #define HAVE_MEMORY_H 1
| #define HAVE_STRINGS_H 1
| #define HAVE_INTTYPES_H 1
| #define HAVE_STDINT_H 1
| #define HAVE_UNISTD_H 1
| #define HAVE_STDARG_H 1
| #define HAVE_SYS_TIME_H 1
| #define HAVE_SYS_RESOURCE_H 1
| #define HAVE__BOOL 1
| #define HAVE_FLOAT__COMPLEX 1
| /* end confdefs.h.  */
| #include <stdio.h>
| #ifdef HAVE_SYS_TYPES_H
| # include <sys/types.h>
| #endif
| #ifdef HAVE_SYS_STAT_H
| # include <sys/stat.h>
| #endif
| #ifdef STDC_HEADERS
| # include <stdlib.h>
| # include <stddef.h>
| #else
| # ifdef HAVE_STDLIB_H
| #  include <stdlib.h>
| # endif
| #endif
| #ifdef HAVE_STRING_H
| # if !defined STDC_HEADERS && defined HAVE_MEMORY_H
| #  include <memory.h>
| # endif
| # include <string.h>
| #endif
| #ifdef HAVE_STRINGS_H
| # include <strings.h>
| #endif
| #ifdef HAVE_INTTYPES_H
| # include <inttypes.h>
| #endif
| #ifdef HAVE_STDINT_H
| # include <stdint.h>
| #endif
| #ifdef HAVE_UNISTD_H
| # include <unistd.h>
| #endif
| int
| main ()
| {
| if (sizeof ((double _Complex)))
| 	    return 0;
|   ;
|   return 0;
| }
configure:7968: result: yes
configure:7977: checking for long double _Complex
configure:7977: gcc -c    conftest.c >&5
configure:7977: $? = 0
configure:7977: gcc -c    conftest.c >&5
conftest.c: In function 'main':
conftest.c:68:35: error: expected expression before ')' token
 if (sizeof ((long double _Complex)))
                                   ^
configure:7977: $? = 1
configure: failed program was:
| /* confdefs.h */
| #define PACKAGE_NAME "mpich-testsuite"
| #define PACKAGE_TARNAME "mpich-testsuite"
| #define PACKAGE_VERSION "3.2.1"
| #define PACKAGE_STRING "mpich-testsuite 3.2.1"
| #define PACKAGE_BUGREPORT "discuss@mpich.org"
| #define PACKAGE_URL "http://www.mpich.org/"
| #define PACKAGE "mpich-testsuite"
| #define VERSION "3.2.1"
| #define HAVE_MPI_SPAWN 1
| #define HAVE_MPI_WIN_CREATE 1
| #define HAVE_LONG_DOUBLE 1
| #define HAVE_LONG_LONG 1
| #define restrict __restrict
| #define STDC_HEADERS 1
| #define HAVE_SYS_TYPES_H 1
| #define HAVE_SYS_STAT_H 1
| #define HAVE_STDLIB_H 1
| #define HAVE_STRING_H 1
| #define HAVE_MEMORY_H 1
| #define HAVE_STRINGS_H 1
| #define HAVE_INTTYPES_H 1
| #define HAVE_STDINT_H 1
| #define HAVE_UNISTD_H 1
| #define HAVE_STDARG_H 1
| #define HAVE_SYS_TIME_H 1
| #define HAVE_SYS_RESOURCE_H 1
| #define HAVE__BOOL 1
| #define HAVE_FLOAT__COMPLEX 1
| #define HAVE_DOUBLE__COMPLEX 1
| /* end confdefs.h.  */
| #include <stdio.h>
| #ifdef HAVE_SYS_TYPES_H
| # include <sys/types.h>
| #endif
| #ifdef HAVE_SYS_STAT_H
| # include <sys/stat.h>
| #endif
| #ifdef STDC_HEADERS
| # include <stdlib.h>
| # include <stddef.h>
| #else
| # ifdef HAVE_STDLIB_H
| #  include <stdlib.h>
| # endif
| #endif
| #ifdef HAVE_STRING_H
| # if !defined STDC_HEADERS && defined HAVE_MEMORY_H
| #  include <memory.h>
| # endif
| # include <string.h>
| #endif
| #ifdef HAVE_STRINGS_H
| # include <strings.h>
| #endif
| #ifdef HAVE_INTTYPES_H
| # include <inttypes.h>
| #endif
| #ifdef HAVE_STDINT_H
| # include <stdint.h>
| #endif
| #ifdef HAVE_UNISTD_H
| # include <unistd.h>
| #endif
| int
| main ()
| {
| if (sizeof ((long double _Complex)))
| 	    return 0;
|   ;
|   return 0;
| }
configure:7977: result: yes
configure:7991: checking size of void *
configure:7996: gcc -o conftest     conftest.c  >&5
configure:7996: $? = 0
configure:7996: ./conftest
configure:7996: $? = 0
configure:8010: result: 8
configure:8046: checking for library containing socket
configure:8077: gcc -o conftest     conftest.c  >&5
configure:8077: $? = 0
configure:8094: result: none required
configure:8114: checking for library containing gethostbyname
configure:8145: gcc -o conftest     conftest.c  >&5
configure:8145: $? = 0
configure:8162: result: none required
configure:8185: checking pthread.h usability
configure:8185: gcc -c    conftest.c >&5
configure:8185: $? = 0
configure:8185: result: yes
configure:8185: checking pthread.h presence
configure:8185: gcc -E  conftest.c
configure:8185: $? = 0
configure:8185: result: yes
configure:8185: checking for pthread.h
configure:8185: result: yes
configure:8199: checking for library containing pthread_create
configure:8230: gcc -o conftest     conftest.c  >&5
/tmp/ccC6GtX8.o: In function `main':
conftest.c:(.text+0xa): undefined reference to `pthread_create'
collect2: error: ld returned 1 exit status
configure:8230: $? = 1
configure: failed program was:
| /* confdefs.h */
| #define PACKAGE_NAME "mpich-testsuite"
| #define PACKAGE_TARNAME "mpich-testsuite"
| #define PACKAGE_VERSION "3.2.1"
| #define PACKAGE_STRING "mpich-testsuite 3.2.1"
| #define PACKAGE_BUGREPORT "discuss@mpich.org"
| #define PACKAGE_URL "http://www.mpich.org/"
| #define PACKAGE "mpich-testsuite"
| #define VERSION "3.2.1"
| #define HAVE_MPI_SPAWN 1
| #define HAVE_MPI_WIN_CREATE 1
| #define HAVE_LONG_DOUBLE 1
| #define HAVE_LONG_LONG 1
| #define restrict __restrict
| #define STDC_HEADERS 1
| #define HAVE_SYS_TYPES_H 1
| #define HAVE_SYS_STAT_H 1
| #define HAVE_STDLIB_H 1
| #define HAVE_STRING_H 1
| #define HAVE_MEMORY_H 1
| #define HAVE_STRINGS_H 1
| #define HAVE_INTTYPES_H 1
| #define HAVE_STDINT_H 1
| #define HAVE_UNISTD_H 1
| #define HAVE_STDARG_H 1
| #define HAVE_SYS_TIME_H 1
| #define HAVE_SYS_RESOURCE_H 1
| #define HAVE__BOOL 1
| #define HAVE_FLOAT__COMPLEX 1
| #define HAVE_DOUBLE__COMPLEX 1
| #define HAVE_LONG_DOUBLE__COMPLEX 1
| #define SIZEOF_VOID_P 8
| #define USE_LONG_DOUBLE_COMPLEX 1
| #define HAVE_PTHREAD_H 1
| /* end confdefs.h.  */
| 
| /* Override any GCC internal prototype to avoid an error.
|    Use char because int might match the return type of a GCC
|    builtin and then its argument prototype would still apply.  */
| #ifdef __cplusplus
| extern "C"
| #endif
| char pthread_create ();
| int
| main ()
| {
| return pthread_create ();
|   ;
|   return 0;
| }
configure:8230: gcc -o conftest     conftest.c -lpthread   >&5
configure:8230: $? = 0
configure:8247: result: -lpthread
configure:8255: checking for library containing pthread_barrier_init
configure:8286: gcc -o conftest     conftest.c -lpthread  >&5
configure:8286: $? = 0
configure:8303: result: none required
configure:8315: checking for pthread_create
configure:8315: gcc -o conftest     conftest.c -lpthread  >&5
configure:8315: $? = 0
configure:8315: result: yes
configure:8315: checking for pthread_yield
configure:8315: gcc -o conftest     conftest.c -lpthread  >&5
configure:8315: $? = 0
configure:8315: result: yes
configure:8315: checking for pthread_barrier_init
configure:8315: gcc -o conftest     conftest.c -lpthread  >&5
configure:8315: $? = 0
configure:8315: result: yes
configure:8315: checking for pthread_barrier_wait
configure:8315: gcc -o conftest     conftest.c -lpthread  >&5
configure:8315: $? = 0
configure:8315: result: yes
configure:8342: checking whether struct hostent contains h_addr_list
configure:8364: gcc -c    conftest.c >&5
configure:8364: $? = 0
configure:8372: result: yes
configure:8382: checking for getrusage
configure:8382: gcc -o conftest     conftest.c -lpthread  >&5
configure:8382: $? = 0
configure:8382: result: yes
configure:8622: checking for Fortran 77 compiler version
configure:8631: gfortran --version >&5
GNU Fortran (Ubuntu 7.3.0-16ubuntu3) 7.3.0
Copyright (C) 2017 Free Software Foundation, Inc.
This is free software; see the source for copying conditions.  There is NO
warranty; not even for MERCHANTABILITY or FITNESS FOR A PARTICULAR PURPOSE.

configure:8642: $? = 0
configure:8631: gfortran -v >&5
Using built-in specs.
COLLECT_GCC=gfortran
COLLECT_LTO_WRAPPER=/usr/lib/gcc/x86_64-linux-gnu/7/lto-wrapper
OFFLOAD_TARGET_NAMES=nvptx-none
OFFLOAD_TARGET_DEFAULT=1
Target: x86_64-linux-gnu
Configured with: ../src/configure -v --with-pkgversion='Ubuntu 7.3.0-16ubuntu3' --with-bugurl=file:///usr/share/doc/gcc-7/README.Bugs --enable-languages=c,ada,c++,go,brig,d,fortran,objc,obj-c++ --prefix=/usr --with-gcc-major-version-only --with-as=/usr/bin/x86_64-linux-gnu-as --with-ld=/usr/bin/x86_64-linux-gnu-ld --program-suffix=-7 --program-prefix=x86_64-linux-gnu- --enable-shared --enable-linker-build-id --libexecdir=/usr/lib --without-included-gettext --enable-threads=posix --libdir=/usr/lib --enable-nls --with-sysroot=/ --enable-clocale=gnu --enable-libstdcxx-debug --enable-libstdcxx-time=yes --with-default-libstdcxx-abi=new --enable-gnu-unique-object --disable-vtable-verify --enable-libmpx --enable-plugin --enable-default-pie --with-system-zlib --with-target-system-zlib --enable-objc-gc=auto --enable-multiarch --disable-werror --with-arch-32=i686 --with-abi=m64 --with-multilib-list=m32,m64,mx32 --enable-multilib --with-tune=generic --enable-offload-targets=nvptx-none --without-cuda-driver --enable-checking=release --build=x86_64-linux-gnu --host=x86_64-linux-gnu --target=x86_64-linux-gnu
Thread model: posix
gcc version 7.3.0 (Ubuntu 7.3.0-16ubuntu3) 
configure:8642: $? = 0
configure:8631: gfortran -V >&5
gfortran: error: unrecognized command line option '-V'
gfortran: fatal error: no input files
compilation terminated.
configure:8642: $? = 1
configure:8631: gfortran -qversion >&5
gfortran: error: unrecognized command line option '-qversion'; did you mean '--version'?
gfortran: fatal error: no input files
compilation terminated.
configure:8642: $? = 1
configure:8651: checking whether we are using the GNU Fortran 77 compiler
configure:8664: gfortran -c  conftest.F >&5
configure:8664: $? = 0
configure:8673: result: yes
configure:8679: checking whether gfortran accepts -g
configure:8690: gfortran -c -g conftest.f >&5
configure:8690: $? = 0
configure:8698: result: yes
configure:8921: checking whether integer*4 is supported
configure:8932: gfortran -c  conftest.f >&5
configure:8932: $? = 0
configure:8939: result: yes
configure:8941: checking whether integer*8 is supported
configure:8952: gfortran -c  conftest.f >&5
configure:8952: $? = 0
configure:8959: result: yes
configure:8961: checking whether integer*16 is supported
configure:8972: gfortran -c  conftest.f >&5
configure:8972: $? = 0
configure:8979: result: yes
configure:9048: checking build system type
configure:9062: result: x86_64-pc-linux-gnu
configure:9082: checking host system type
configure:9095: result: x86_64-pc-linux-gnu
configure:9119: checking how to get verbose linking output from gfortran
configure:9129: gfortran -c  conftest.f >&5
configure:9129: $? = 0
configure:9147: gfortran -o conftest -v conftest.f -lpthread
Using built-in specs.
Target: x86_64-linux-gnu
Thread model: posix
gcc version 7.3.0 (Ubuntu 7.3.0-16ubuntu3) 
 /usr/lib/gcc/x86_64-linux-gnu/7/f951 conftest.f -ffixed-form -quiet -dumpbase conftest.f -mtune=generic -march=x86-64 -auxbase conftest -version -fintrinsic-modules-path /usr/lib/gcc/x86_64-linux-gnu/7/finclude -o /tmp/ccXddlzK.s
GNU Fortran (Ubuntu 7.3.0-16ubuntu3) version 7.3.0 (x86_64-linux-gnu)
	compiled by GNU C version 7.3.0, GMP version 6.1.2, MPFR version 4.0.1, MPC version 1.1.0, isl version isl-0.19-GMP

GGC heuristics: --param ggc-min-expand=100 --param ggc-min-heapsize=131072
GNU Fortran2008 (Ubuntu 7.3.0-16ubuntu3) version 7.3.0 (x86_64-linux-gnu)
	compiled by GNU C version 7.3.0, GMP version 6.1.2, MPFR version 4.0.1, MPC version 1.1.0, isl version isl-0.19-GMP

GGC heuristics: --param ggc-min-expand=100 --param ggc-min-heapsize=131072
 /usr/bin/x86_64-linux-gnu-as -v --64 -o /tmp/cc4NJJYU.o /tmp/ccXddlzK.s
GNU assembler version 2.30 (x86_64-linux-gnu) using BFD version (GNU Binutils for Ubuntu) 2.30
Reading specs from /usr/lib/gcc/x86_64-linux-gnu/7/libgfortran.spec
rename spec lib to liborig
 /usr/lib/gcc/x86_64-linux-gnu/7/collect2 -plugin /usr/lib/gcc/x86_64-linux-gnu/7/liblto_plugin.so -plugin-opt=/usr/lib/gcc/x86_64-linux-gnu/7/lto-wrapper -plugin-opt=-fresolution=/tmp/ccm8F9p5.res -plugin-opt=-pass-through=-lgcc_s -plugin-opt=-pass-through=-lgcc -plugin-opt=-pass-through=-lquadmath -plugin-opt=-pass-through=-lm -plugin-opt=-pass-through=-lgcc_s -plugin-opt=-pass-through=-lgcc -plugin-opt=-pass-through=-lc -plugin-opt=-pass-through=-lgcc_s -plugin-opt=-pass-through=-lgcc --sysroot=/ --build-id --eh-frame-hdr -m elf_x86_64 --hash-style=gnu --as-needed -dynamic-linker /lib64/ld-linux-x86-64.so.2 -pie -z now -z relro -o conftest /usr/lib/gcc/x86_64-linux-gnu/7/../../../x86_64-linux-gnu/Scrt1.o /usr/lib/gcc/x86_64-linux-gnu/7/../../../x86_64-linux-gnu/crti.o /usr/lib/gcc/x86_64-linux-gnu/7/crtbeginS.o -L/usr/lib/gcc/x86_64-linux-gnu/7 -L/usr/lib/gcc/x86_64-linux-gnu/7/../../../x86_64-linux-gnu -L/usr/lib/gcc/x86_64-linux-gnu/7/../../../../lib -L/lib/x86_64-linux-gnu -L/lib/../lib -L/usr/lib/x86_64-linux-gnu -L/usr/lib/../lib -L/usr/lib/gcc/x86_64-linux-gnu/7/../../.. /tmp/cc4NJJYU.o -lpthread -lgfortran -lm -lgcc_s -lgcc -lquadmath -lm -lgcc_s -lgcc -lc -lgcc_s -lgcc /usr/lib/gcc/x86_64-linux-gnu/7/crtendS.o /usr/lib/gcc/x86_64-linux-gnu/7/../../../x86_64-linux-gnu/crtn.o
configure:9230: result: -v
configure:9232: checking for Fortran 77 libraries of gfortran
configure:9255: gfortran -o conftest -v conftest.f -lpthread
Using built-in specs.
Target: x86_64-linux-gnu
Thread model: posix
gcc version 7.3.0 (Ubuntu 7.3.0-16ubuntu3) 
 /usr/lib/gcc/x86_64-linux-gnu/7/f951 conftest.f -ffixed-form -quiet -dumpbase conftest.f -mtune=generic -march=x86-64 -auxbase conftest -version -fintrinsic-modules-path /usr/lib/gcc/x86_64-linux-gnu/7/finclude -o /tmp/ccQxP3mQ.s
GNU Fortran (Ubuntu 7.3.0-16ubuntu3) version 7.3.0 (x86_64-linux-gnu)
	compiled by GNU C version 7.3.0, GMP version 6.1.2, MPFR version 4.0.1, MPC version 1.1.0, isl version isl-0.19-GMP

GGC heuristics: --param ggc-min-expand=100 --param ggc-min-heapsize=131072
GNU Fortran2008 (Ubuntu 7.3.0-16ubuntu3) version 7.3.0 (x86_64-linux-gnu)
	compiled by GNU C version 7.3.0, GMP version 6.1.2, MPFR version 4.0.1, MPC version 1.1.0, isl version isl-0.19-GMP

GGC heuristics: --param ggc-min-expand=100 --param ggc-min-heapsize=131072
 /usr/bin/x86_64-linux-gnu-as -v --64 -o /tmp/cc6k7a30.o /tmp/ccQxP3mQ.s
GNU assembler version 2.30 (x86_64-linux-gnu) using BFD version (GNU Binutils for Ubuntu) 2.30
Reading specs from /usr/lib/gcc/x86_64-linux-gnu/7/libgfortran.spec
rename spec lib to liborig
 /usr/lib/gcc/x86_64-linux-gnu/7/collect2 -plugin /usr/lib/gcc/x86_64-linux-gnu/7/liblto_plugin.so -plugin-opt=/usr/lib/gcc/x86_64-linux-gnu/7/lto-wrapper -plugin-opt=-fresolution=/tmp/ccNZG2Kb.res -plugin-opt=-pass-through=-lgcc_s -plugin-opt=-pass-through=-lgcc -plugin-opt=-pass-through=-lquadmath -plugin-opt=-pass-through=-lm -plugin-opt=-pass-through=-lgcc_s -plugin-opt=-pass-through=-lgcc -plugin-opt=-pass-through=-lc -plugin-opt=-pass-through=-lgcc_s -plugin-opt=-pass-through=-lgcc --sysroot=/ --build-id --eh-frame-hdr -m elf_x86_64 --hash-style=gnu --as-needed -dynamic-linker /lib64/ld-linux-x86-64.so.2 -pie -z now -z relro -o conftest /usr/lib/gcc/x86_64-linux-gnu/7/../../../x86_64-linux-gnu/Scrt1.o /usr/lib/gcc/x86_64-linux-gnu/7/../../../x86_64-linux-gnu/crti.o /usr/lib/gcc/x86_64-linux-gnu/7/crtbeginS.o -L/usr/lib/gcc/x86_64-linux-gnu/7 -L/usr/lib/gcc/x86_64-linux-gnu/7/../../../x86_64-linux-gnu -L/usr/lib/gcc/x86_64-linux-gnu/7/../../../../lib -L/lib/x86_64-linux-gnu -L/lib/../lib -L/usr/lib/x86_64-linux-gnu -L/usr/lib/../lib -L/usr/lib/gcc/x86_64-linux-gnu/7/../../.. /tmp/cc6k7a30.o -lpthread -lgfortran -lm -lgcc_s -lgcc -lquadmath -lm -lgcc_s -lgcc -lc -lgcc_s -lgcc /usr/lib/gcc/x86_64-linux-gnu/7/crtendS.o /usr/lib/gcc/x86_64-linux-gnu/7/../../../x86_64-linux-gnu/crtn.o
configure:9451: result:  -L/usr/lib/gcc/x86_64-linux-gnu/7 -L/usr/lib/gcc/x86_64-linux-gnu/7/../../../x86_64-linux-gnu -L/usr/lib/gcc/x86_64-linux-gnu/7/../../../../lib -L/lib/x86_64-linux-gnu -L/lib/../lib -L/usr/lib/x86_64-linux-gnu -L/usr/lib/../lib -L/usr/lib/gcc/x86_64-linux-gnu/7/../../.. -lpthread -lgfortran -lm -lquadmath
configure:9463: checking for Fortran 77 name mangling
configure:9485: gfortran -c  conftest.f >&5
configure:9485: $? = 0
configure:9488: mv conftest.o f77conftest.o
configure:9491: $? = 0
configure:9516: gcc -o conftest     conftest.c f77conftest.o  -L/usr/lib/gcc/x86_64-linux-gnu/7 -L/usr/lib/gcc/x86_64-linux-gnu/7/../../../x86_64-linux-gnu -L/usr/lib/gcc/x86_64-linux-gnu/7/../../../../lib -L/lib/x86_64-linux-gnu -L/lib/../lib -L/usr/lib/x86_64-linux-gnu -L/usr/lib/../lib -L/usr/lib/gcc/x86_64-linux-gnu/7/../../.. -lpthread -lgfortran -lm -lquadmath -lpthread  >&5
configure:9516: $? = 0
configure:9637: result: lower uscore
configure:9696: checking whether gfortran allows mismatched arguments
configure:9719: gfortran -c  conftest.f >&5
configure:9719: $? = 0
configure:9763: result: yes
configure:9793: checking for Fortran libraries needed for getarg
configure:9807: gfortran -o conftest   conftest.f -lpthread  >&5
configure:9807: $? = 0
configure:9848: result: none needed
configure:9865: checking whether Fortran 77 supports Cray-style pointer
configure:9892: gfortran -c   conftest.f >&5
conftest.f:5:16:

         pointer (MPTR,M)
                1
Error: Cray pointer declaration at (1) requires -fcray-pointer flag
configure:9892: $? = 1
configure: failed program was:
| 
|           program main
| 
|         integer M
|         pointer (MPTR,M)
|         data MPTR/0/
| 
|       end
| 
configure:9892: gfortran -c  -fcray-pointer conftest.f >&5
configure:9892: $? = 0
configure:9910: result: yes
configure:9913: checking for Fortran 77 compiler flag for Cray-style pointer
configure:9916: result: -fcray-pointer
configure:10065: checking for Fortran compiler version
configure:10074: gfortran --version >&5
GNU Fortran (Ubuntu 7.3.0-16ubuntu3) 7.3.0
Copyright (C) 2017 Free Software Foundation, Inc.
This is free software; see the source for copying conditions.  There is NO
warranty; not even for MERCHANTABILITY or FITNESS FOR A PARTICULAR PURPOSE.

configure:10085: $? = 0
configure:10074: gfortran -v >&5
Using built-in specs.
COLLECT_GCC=gfortran
COLLECT_LTO_WRAPPER=/usr/lib/gcc/x86_64-linux-gnu/7/lto-wrapper
OFFLOAD_TARGET_NAMES=nvptx-none
OFFLOAD_TARGET_DEFAULT=1
Target: x86_64-linux-gnu
Configured with: ../src/configure -v --with-pkgversion='Ubuntu 7.3.0-16ubuntu3' --with-bugurl=file:///usr/share/doc/gcc-7/README.Bugs --enable-languages=c,ada,c++,go,brig,d,fortran,objc,obj-c++ --prefix=/usr --with-gcc-major-version-only --with-as=/usr/bin/x86_64-linux-gnu-as --with-ld=/usr/bin/x86_64-linux-gnu-ld --program-suffix=-7 --program-prefix=x86_64-linux-gnu- --enable-shared --enable-linker-build-id --libexecdir=/usr/lib --without-included-gettext --enable-threads=posix --libdir=/usr/lib --enable-nls --with-sysroot=/ --enable-clocale=gnu --enable-libstdcxx-debug --enable-libstdcxx-time=yes --with-default-libstdcxx-abi=new --enable-gnu-unique-object --disable-vtable-verify --enable-libmpx --enable-plugin --enable-default-pie --with-system-zlib --with-target-system-zlib --enable-objc-gc=auto --enable-multiarch --disable-werror --with-arch-32=i686 --with-abi=m64 --with-multilib-list=m32,m64,mx32 --enable-multilib --with-tune=generic --enable-offload-targets=nvptx-none --without-cuda-driver --enable-checking=release --build=x86_64-linux-gnu --host=x86_64-linux-gnu --target=x86_64-linux-gnu
Thread model: posix
gcc version 7.3.0 (Ubuntu 7.3.0-16ubuntu3) 
configure:10085: $? = 0
configure:10074: gfortran -V >&5
gfortran: error: unrecognized command line option '-V'
gfortran: fatal error: no input files
compilation terminated.
configure:10085: $? = 1
configure:10074: gfortran -qversion >&5
gfortran: error: unrecognized command line option '-qversion'; did you mean '--version'?
gfortran: fatal error: no input files
compilation terminated.
configure:10085: $? = 1
configure:10094: checking whether we are using the GNU Fortran compiler
configure:10107: gfortran -c   conftest.F >&5
configure:10107: $? = 0
configure:10116: result: yes
configure:10122: checking whether gfortran accepts -g
configure:10133: gfortran -c -g  conftest.f >&5
configure:10133: $? = 0
configure:10141: result: yes
configure:10191: checking for extension for Fortran 90 programs
configure:10206: gfortran -c   conftest.f90 >&5
configure:10206: $? = 0
configure:10208: result: f90
configure:10249: checking whether the Fortran 90 compiler (gfortran  ) works
configure:10260: gfortran -o conftest    conftest.f90 -lpthread  >&5
configure:10260: $? = 0
configure:10263: result: yes
configure:10265: checking whether the Fortran 90 compiler (gfortran  ) is a cross-compiler
configure:10271: gfortran -o conftest    conftest.f90 -lpthread  >&5
configure:10271: $? = 0
configure:10271: ./conftest
configure:10271: $? = 0
configure:10280: result: no
configure:10507: checking for Fortran flag needed to accept free-form source
configure:10526: gfortran -c   conftest.f90 >&5
configure:10526: $? = 0
configure:10535: result: none
configure:10554: checking whether Fortran 90 supports Cray-style pointer
configure:10581: gfortran -c    conftest.f90 >&5
conftest.f90:5:16:

         pointer (MPTR,M)
                1
Error: Cray pointer declaration at (1) requires -fcray-pointer flag
configure:10581: $? = 1
configure: failed program was:
| 
|           program main
| 
|         integer M
|         pointer (MPTR,M)
|         data MPTR/0/
| 
|       end
| 
configure:10581: gfortran -c  -fcray-pointer  conftest.f90 >&5
configure:10581: $? = 0
configure:10599: result: yes
configure:10602: checking for Fortran 90 compiler flag for Cray-style pointer
configure:10605: result: -fcray-pointer
configure:10628: checking whether gfortran supports the Fortran 2003 routines to access the commandline
configure:10640: gfortran -o conftest  -fcray-pointer   conftest.f90 -lpthread  >&5
configure:10640: $? = 0
configure:10647: result: yes
configure:10673: checking for Fortran 90 module extension
configure:10695: gfortran -c  -fcray-pointer  conftest.f90 >&5
configure:10695: $? = 0
configure:10791: result: mod
configure:10803: checking for Fortran 90 module include flag
configure:10831: gfortran -c  -fcray-pointer  conftest.f90 >&5
configure:10831: $? = 0
configure:10868: gfortran -c  -fcray-pointer -Iconftestdir  conftest.f90 >&5
configure:10868: $? = 0
configure:10927: result: -I
configure:10935: checking for Fortran 90 module output directory flag
configure:10966: gfortran -c  -fcray-pointer  conftest.f90 >&5
configure:10966: $? = 0
configure:11020: gfortran -c  -fcray-pointer -Jconftestdir  conftest.f90 >&5
configure:11020: $? = 0
configure:11060: result: -J
configure:11412: checking for C++ compiler version
configure:11421: g++ --version >&5
g++ (Ubuntu 7.3.0-16ubuntu3) 7.3.0
Copyright (C) 2017 Free Software Foundation, Inc.
This is free software; see the source for copying conditions.  There is NO
warranty; not even for MERCHANTABILITY or FITNESS FOR A PARTICULAR PURPOSE.

configure:11432: $? = 0
configure:11421: g++ -v >&5
Using built-in specs.
COLLECT_GCC=g++
COLLECT_LTO_WRAPPER=/usr/lib/gcc/x86_64-linux-gnu/7/lto-wrapper
OFFLOAD_TARGET_NAMES=nvptx-none
OFFLOAD_TARGET_DEFAULT=1
Target: x86_64-linux-gnu
Configured with: ../src/configure -v --with-pkgversion='Ubuntu 7.3.0-16ubuntu3' --with-bugurl=file:///usr/share/doc/gcc-7/README.Bugs --enable-languages=c,ada,c++,go,brig,d,fortran,objc,obj-c++ --prefix=/usr --with-gcc-major-version-only --with-as=/usr/bin/x86_64-linux-gnu-as --with-ld=/usr/bin/x86_64-linux-gnu-ld --program-suffix=-7 --program-prefix=x86_64-linux-gnu- --enable-shared --enable-linker-build-id --libexecdir=/usr/lib --without-included-gettext --enable-threads=posix --libdir=/usr/lib --enable-nls --with-sysroot=/ --enable-clocale=gnu --enable-libstdcxx-debug --enable-libstdcxx-time=yes --with-default-libstdcxx-abi=new --enable-gnu-unique-object --disable-vtable-verify --enable-libmpx --enable-plugin --enable-default-pie --with-system-zlib --with-target-system-zlib --enable-objc-gc=auto --enable-multiarch --disable-werror --with-arch-32=i686 --with-abi=m64 --with-multilib-list=m32,m64,mx32 --enable-multilib --with-tune=generic --enable-offload-targets=nvptx-none --without-cuda-driver --enable-checking=release --build=x86_64-linux-gnu --host=x86_64-linux-gnu --target=x86_64-linux-gnu
Thread model: posix
gcc version 7.3.0 (Ubuntu 7.3.0-16ubuntu3) 
configure:11432: $? = 0
configure:11421: g++ -V >&5
g++: error: unrecognized command line option '-V'
g++: fatal error: no input files
compilation terminated.
configure:11432: $? = 1
configure:11421: g++ -qversion >&5
g++: error: unrecognized command line option '-qversion'; did you mean '--version'?
g++: fatal error: no input files
compilation terminated.
configure:11432: $? = 1
configure:11436: checking whether we are using the GNU C++ compiler
configure:11455: g++ -c   conftest.cpp >&5
configure:11455: $? = 0
configure:11464: result: yes
configure:11473: checking whether g++ accepts -g
configure:11493: g++ -c -g  conftest.cpp >&5
configure:11493: $? = 0
configure:11534: result: yes
configure:11558: checking dependency style of g++
configure:11669: result: gcc3
configure:11800: checking whether <iostream> available
configure:11825: g++ -c   conftest.cpp >&5
configure:11825: $? = 0
configure:11833: result: yes
configure:12003: checking whether the compiler implements namespaces
configure:12026: g++ -c   conftest.cpp >&5
configure:12026: $? = 0
configure:12040: result: yes
configure:12049: checking whether the compiler implements the namespace std
configure:12076: g++ -c   conftest.cpp >&5
configure:12076: $? = 0
configure:12091: result: yes
configure:12250: checking whether MPI_2DOUBLE_COMPLEX is available
configure:12271: gcc -c    conftest.c >&5
conftest.c:52:18: fatal error: mpi.h: No such file or directory
         #include "mpi.h"
                  ^~~~~~~
compilation terminated.
configure:12271: $? = 1
configure: failed program was:
| /* confdefs.h */
| #define PACKAGE_NAME "mpich-testsuite"
| #define PACKAGE_TARNAME "mpich-testsuite"
| #define PACKAGE_VERSION "3.2.1"
| #define PACKAGE_STRING "mpich-testsuite 3.2.1"
| #define PACKAGE_BUGREPORT "discuss@mpich.org"
| #define PACKAGE_URL "http://www.mpich.org/"
| #define PACKAGE "mpich-testsuite"
| #define VERSION "3.2.1"
| #define HAVE_MPI_SPAWN 1
| #define HAVE_MPI_WIN_CREATE 1
| #define HAVE_LONG_DOUBLE 1
| #define HAVE_LONG_LONG 1
| #define restrict __restrict
| #define STDC_HEADERS 1
| #define HAVE_SYS_TYPES_H 1
| #define HAVE_SYS_STAT_H 1
| #define HAVE_STDLIB_H 1
| #define HAVE_STRING_H 1
| #define HAVE_MEMORY_H 1
| #define HAVE_STRINGS_H 1
| #define HAVE_INTTYPES_H 1
| #define HAVE_STDINT_H 1
| #define HAVE_UNISTD_H 1
| #define HAVE_STDARG_H 1
| #define HAVE_SYS_TIME_H 1
| #define HAVE_SYS_RESOURCE_H 1
| #define HAVE__BOOL 1
| #define HAVE_FLOAT__COMPLEX 1
| #define HAVE_DOUBLE__COMPLEX 1
| #define HAVE_LONG_DOUBLE__COMPLEX 1
| #define SIZEOF_VOID_P 8
| #define USE_LONG_DOUBLE_COMPLEX 1
| #define HAVE_PTHREAD_H 1
| #define HAVE_PTHREAD_CREATE 1
| #define HAVE_PTHREAD_YIELD 1
| #define HAVE_PTHREAD_BARRIER_INIT 1
| #define HAVE_PTHREAD_BARRIER_WAIT 1
| #define HAVE_H_ADDR_LIST 1
| #define HAVE_GETRUSAGE 1
| #define HAVE_FORTRAN_BINDING 1
| #define STDCALL 
| #define F77_NAME_LOWER_USCORE 1
| #define HAVE_IOSTREAM 1
| #define HAVE_NAMESPACES /**/
| #define HAVE_NAMESPACE_STD /**/
| #define HAVE_MPI_IO 1
| #define MPIO_USES_MPI_REQUEST /**/
| #define HAVE_MPI_INTEGER16 1
| /* end confdefs.h.  */
| 
|         #include "mpi.h"
| int
| main ()
| {
| 
|             MPI_Datatype t = MPI_2DOUBLE_COMPLEX;
| 
|   ;
|   return 0;
| }
| 
configure:12283: result: no
configure:12292: checking whether MPI_2COMPLEX is available
configure:12313: gcc -c    conftest.c >&5
conftest.c:52:18: fatal error: mpi.h: No such file or directory
         #include "mpi.h"
                  ^~~~~~~
compilation terminated.
configure:12313: $? = 1
configure: failed program was:
| /* confdefs.h */
| #define PACKAGE_NAME "mpich-testsuite"
| #define PACKAGE_TARNAME "mpich-testsuite"
| #define PACKAGE_VERSION "3.2.1"
| #define PACKAGE_STRING "mpich-testsuite 3.2.1"
| #define PACKAGE_BUGREPORT "discuss@mpich.org"
| #define PACKAGE_URL "http://www.mpich.org/"
| #define PACKAGE "mpich-testsuite"
| #define VERSION "3.2.1"
| #define HAVE_MPI_SPAWN 1
| #define HAVE_MPI_WIN_CREATE 1
| #define HAVE_LONG_DOUBLE 1
| #define HAVE_LONG_LONG 1
| #define restrict __restrict
| #define STDC_HEADERS 1
| #define HAVE_SYS_TYPES_H 1
| #define HAVE_SYS_STAT_H 1
| #define HAVE_STDLIB_H 1
| #define HAVE_STRING_H 1
| #define HAVE_MEMORY_H 1
| #define HAVE_STRINGS_H 1
| #define HAVE_INTTYPES_H 1
| #define HAVE_STDINT_H 1
| #define HAVE_UNISTD_H 1
| #define HAVE_STDARG_H 1
| #define HAVE_SYS_TIME_H 1
| #define HAVE_SYS_RESOURCE_H 1
| #define HAVE__BOOL 1
| #define HAVE_FLOAT__COMPLEX 1
| #define HAVE_DOUBLE__COMPLEX 1
| #define HAVE_LONG_DOUBLE__COMPLEX 1
| #define SIZEOF_VOID_P 8
| #define USE_LONG_DOUBLE_COMPLEX 1
| #define HAVE_PTHREAD_H 1
| #define HAVE_PTHREAD_CREATE 1
| #define HAVE_PTHREAD_YIELD 1
| #define HAVE_PTHREAD_BARRIER_INIT 1
| #define HAVE_PTHREAD_BARRIER_WAIT 1
| #define HAVE_H_ADDR_LIST 1
| #define HAVE_GETRUSAGE 1
| #define HAVE_FORTRAN_BINDING 1
| #define STDCALL 
| #define F77_NAME_LOWER_USCORE 1
| #define HAVE_IOSTREAM 1
| #define HAVE_NAMESPACES /**/
| #define HAVE_NAMESPACE_STD /**/
| #define HAVE_MPI_IO 1
| #define MPIO_USES_MPI_REQUEST /**/
| #define HAVE_MPI_INTEGER16 1
| /* end confdefs.h.  */
| 
|         #include "mpi.h"
| int
| main ()
| {
| 
|             MPI_Datatype t = MPI_2COMPLEX;
| 
|   ;
|   return 0;
| }
| 
configure:12325: result: no
configure:12345: checking size of void *
configure:12364: result: 8
configure:12378: checking size of int
configure:12383: gcc -o conftest     conftest.c -lpthread  >&5
configure:12383: $? = 0
configure:12383: ./conftest
configure:12383: $? = 0
configure:12397: result: 4
configure:12411: checking size of long
configure:12416: gcc -o conftest     conftest.c -lpthread  >&5
configure:12416: $? = 0
configure:12416: ./conftest
configure:12416: $? = 0
configure:12430: result: 8
configure:12444: checking size of long long
configure:12449: gcc -o conftest     conftest.c -lpthread  >&5
configure:12449: $? = 0
configure:12449: ./conftest
configure:12449: $? = 0
configure:12463: result: 8
configure:12477: checking size of short
configure:12482: gcc -o conftest     conftest.c -lpthread  >&5
configure:12482: $? = 0
configure:12482: ./conftest
configure:12482: $? = 0
configure:12496: result: 2
configure:12507: checking for C integer type of address size
configure:12516: result: long
configure:12528: checking for perl
configure:12546: found /usr/bin/perl
configure:12558: result: /usr/bin/perl
configure:12786: checking that generated files are newer than configure
configure:12792: result: done
configure:12827: creating ./config.status

## ---------------------- ##
## Running config.status. ##
## ---------------------- ##

This file was extended by mpich-testsuite config.status 3.2.1, which was
generated by GNU Autoconf 2.69.  Invocation command line was

  CONFIG_FILES    = 
  CONFIG_HEADERS  = 
  CONFIG_LINKS    = 
  CONFIG_COMMANDS = 
  $ ./config.status 

on green_server

config.status:1173: creating maint/testmerge
config.status:1173: creating runtests
config.status:1173: creating checktests
config.status:1173: creating Makefile
config.status:1173: creating basic/Makefile
config.status:1173: creating attr/Makefile
config.status:1173: creating util/Makefile
config.status:1173: creating coll/Makefile
config.status:1173: creating coll/testlist
config.status:1173: creating comm/Makefile
config.status:1173: creating datatype/Makefile
config.status:1173: creating datatype/testlist
config.status:1173: creating errhan/Makefile
config.status:1173: creating group/Makefile
config.status:1173: creating info/Makefile
config.status:1173: creating init/Makefile
config.status:1173: creating pt2pt/Makefile
config.status:1173: creating mpi_t/Makefile
config.status:1173: creating rma/Makefile
config.status:1173: creating rma/testlist
config.status:1173: creating spawn/Makefile
config.status:1173: creating spawn/testlist
config.status:1173: creating topo/Makefile
config.status:1173: creating io/Makefile
config.status:1173: creating io/testlist
config.status:1173: creating f77/Makefile
config.status:1173: creating f77/attr/Makefile
config.status:1173: creating f77/attr/attraints.h
config.status:1173: creating f77/pt2pt/attr1aints.h
config.status:1173: creating f77/ext/add1size.h
config.status:1173: creating f77/datatype/Makefile
config.status:1173: creating f77/datatype/typeaints.h
config.status:1173: creating f77/util/Makefile
config.status:1173: creating f77/coll/Makefile
config.status:1173: creating f77/comm/Makefile
config.status:1173: creating f77/topo/Makefile
config.status:1173: creating f77/init/Makefile
config.status:1173: creating f77/rma/addsize.h
config.status:1173: creating f77/pt2pt/Makefile
config.status:1173: creating f77/info/Makefile
config.status:1173: creating f77/spawn/Makefile
config.status:1173: creating f77/spawn/testlist
config.status:1173: creating f77/spawn/type1aint.h
config.status:1173: creating f77/rma/Makefile
config.status:1173: creating f77/ext/Makefile
config.status:1173: creating f77/ext/testlist
config.status:1173: creating f77/io/Makefile
config.status:1173: creating f77/io/iooffset.h
config.status:1173: creating f77/io/iodisp.h
config.status:1173: creating f77/io/ioaint.h
config.status:1173: creating f77/io/testlist
config.status:1173: creating f77/profile/Makefile
config.status:1173: creating f90/Makefile
config.status:1173: creating f90/attr/Makefile
config.status:1173: creating f90/datatype/Makefile
config.status:1173: creating f90/f90types/Makefile
config.status:1173: creating f90/util/Makefile
config.status:1173: creating f90/coll/Makefile
config.status:1173: creating f90/comm/Makefile
config.status:1173: creating f90/topo/Makefile
config.status:1173: creating f90/init/Makefile
config.status:1173: creating f90/pt2pt/Makefile
config.status:1173: creating f90/rma/Makefile
config.status:1173: creating f90/info/Makefile
config.status:1173: creating f90/spawn/Makefile
config.status:1173: creating f90/spawn/testlist
config.status:1173: creating f90/timer/Makefile
config.status:1173: creating f90/ext/Makefile
config.status:1173: creating f90/ext/testlist
config.status:1173: creating f90/io/Makefile
config.status:1173: creating f90/io/testlist
config.status:1173: creating f90/misc/Makefile
config.status:1173: creating f90/profile/Makefile
config.status:1173: creating f08/Makefile
config.status:1173: creating f08/attr/Makefile
config.status:1173: creating f08/datatype/Makefile
config.status:1173: creating f08/util/Makefile
config.status:1173: creating f08/coll/Makefile
config.status:1173: creating f08/comm/Makefile
config.status:1173: creating f08/pt2pt/Makefile
config.status:1173: creating f08/rma/Makefile
config.status:1173: creating f08/subarray/Makefile
config.status:1173: creating f08/topo/Makefile
config.status:1173: creating f08/io/Makefile
config.status:1173: creating f08/io/testlist
config.status:1173: creating f08/init/Makefile
config.status:1173: creating f08/info/Makefile
config.status:1173: creating f08/spawn/Makefile
config.status:1173: creating f08/spawn/testlist
config.status:1173: creating f08/timer/Makefile
config.status:1173: creating f08/ext/Makefile
config.status:1173: creating f08/misc/Makefile
config.status:1173: creating f08/profile/Makefile
config.status:1173: creating cxx/Makefile
config.status:1173: creating cxx/util/Makefile
config.status:1173: creating cxx/attr/Makefile
config.status:1173: creating cxx/pt2pt/Makefile
config.status:1173: creating cxx/comm/Makefile
config.status:1173: creating cxx/coll/Makefile
config.status:1173: creating cxx/errhan/Makefile
config.status:1173: creating cxx/info/Makefile
config.status:1173: creating cxx/datatype/Makefile
config.status:1173: creating cxx/io/Makefile
config.status:1173: creating cxx/init/Makefile
config.status:1173: creating cxx/rma/Makefile
config.status:1173: creating cxx/spawn/Makefile
config.status:1173: creating cxx/spawn/testlist
config.status:1173: creating cxx/topo/Makefile
config.status:1173: creating threads/Makefile
config.status:1173: creating threads/pt2pt/Makefile
config.status:1173: creating threads/util/Makefile
config.status:1173: creating threads/comm/Makefile
config.status:1173: creating threads/comm/testlist
config.status:1173: creating threads/init/Makefile
config.status:1173: creating threads/mpi_t/Makefile
config.status:1173: creating threads/spawn/Makefile
config.status:1173: creating threads/rma/Makefile
config.status:1173: creating threads/coll/Makefile
config.status:1173: creating threads/coll/testlist
config.status:1173: creating errors/Makefile
config.status:1173: creating errors/attr/Makefile
config.status:1173: creating errors/basic/Makefile
config.status:1173: creating errors/coll/Makefile
config.status:1173: creating errors/comm/Makefile
config.status:1173: creating errors/datatype/Makefile
config.status:1173: creating errors/faults/Makefile
config.status:1173: creating errors/group/Makefile
config.status:1173: creating errors/pt2pt/Makefile
config.status:1173: creating errors/rma/Makefile
config.status:1173: creating errors/spawn/Makefile
config.status:1173: creating errors/spawn/testlist
config.status:1173: creating errors/topo/Makefile
config.status:1173: creating errors/io/Makefile
config.status:1173: creating errors/cxx/Makefile
config.status:1173: creating errors/cxx/errhan/Makefile
config.status:1173: creating errors/cxx/io/Makefile
config.status:1173: creating errors/f77/Makefile
config.status:1173: creating errors/f77/io/Makefile
config.status:1173: creating errors/f77/io/addsize.h
config.status:1173: creating errors/f77/io/iooffset.h
config.status:1173: creating errors/f90/Makefile
config.status:1173: creating errors/f90/io/Makefile
config.status:1173: creating errors/f08/Makefile
config.status:1173: creating errors/f08/io/Makefile
config.status:1173: creating ckpoint/Makefile
config.status:1173: creating ft/Makefile
config.status:1173: creating manual/Makefile
config.status:1173: creating manual/manyconnect
config.status:1173: creating manual/mpi_t/Makefile
config.status:1173: creating perf/Makefile
config.status:1173: creating testlist
config.status:1173: creating cxx/testlist
config.status:1173: creating cxx/topo/testlist
config.status:1173: creating f77/testlist
config.status:1173: creating f90/testlist
config.status:1173: creating threads/testlist
config.status:1173: creating errors/testlist
config.status:1173: creating errors/cxx/testlist
config.status:1173: creating errors/f77/testlist
config.status:1173: creating errors/f90/testlist
config.status:1173: creating impls/testlist
config.status:1173: creating f77/rma/testlist
config.status:1173: creating f90/rma/testlist
config.status:1173: creating f08/rma/testlist
config.status:1173: creating impls/Makefile
config.status:1173: creating impls/hydra/Makefile
config.status:1173: creating impls/hydra/proc_binding.sh
config.status:1173: creating impls/mpich/Makefile
config.status:1173: creating impls/mpich/testlist
config.status:1173: creating impls/mpich/mpi_t/Makefile
config.status:1173: creating include/mpitestconf.h
config.status:1387: executing depfiles commands
config.status:1387: executing default-1 commands
config.status:1387: executing default-2 commands
config.status:1387: executing default-3 commands
config.status:1387: executing default-4 commands

## ---------------- ##
## Cache variables. ##
## ---------------- ##

ac_cv_build=x86_64-pc-linux-gnu
ac_cv_c_compiler_gnu=yes
ac_cv_c_const=yes
ac_cv_c_int16_t=yes
ac_cv_c_int32_t=yes
ac_cv_c_int64_t=yes
ac_cv_c_int8_t=yes
ac_cv_c_restrict=__restrict
ac_cv_c_uint16_t=yes
ac_cv_c_uint32_t=yes
ac_cv_c_uint64_t=yes
ac_cv_c_uint8_t=yes
ac_cv_cxx_compiler_gnu=yes
ac_cv_cxx_namespace_std=yes
ac_cv_cxx_namespaces=yes
ac_cv_env_CCC_set=
ac_cv_env_CCC_value=
ac_cv_env_CC_set=set
ac_cv_env_CC_value=gcc
ac_cv_env_CFLAGS_set=set
ac_cv_env_CFLAGS_value='   -O2'
ac_cv_env_CPPFLAGS_set=set
ac_cv_env_CPPFLAGS_value='  -I/home/timndus/msc_project/mpich/tmp/src/mpl/include -I/home/timndus/msc_project/mpich/mpich-3.2.1/src/mpl/include -I/home/timndus/msc_project/mpich/mpich-3.2.1/src/openpa/src -I/home/timndus/msc_project/mpich/tmp/src/openpa/src -D_REENTRANT -I/home/timndus/msc_project/mpich/tmp/src/mpi/romio/include'
ac_cv_env_CPP_set=
ac_cv_env_CPP_value=
ac_cv_env_CXXCPP_set=
ac_cv_env_CXXCPP_value=
ac_cv_env_CXXFLAGS_set=set
ac_cv_env_CXXFLAGS_value='  -O2'
ac_cv_env_CXX_set=set
ac_cv_env_CXX_value=g++
ac_cv_env_F77_set=set
ac_cv_env_F77_value=gfortran
ac_cv_env_FCFLAGS_set=set
ac_cv_env_FCFLAGS_value='  -O2'
ac_cv_env_FC_set=set
ac_cv_env_FC_value=gfortran
ac_cv_env_FFLAGS_set=set
ac_cv_env_FFLAGS_value='  -O2'
ac_cv_env_FROM_MPICH_set=set
ac_cv_env_FROM_MPICH_value=yes
ac_cv_env_LDFLAGS_set=set
ac_cv_env_LDFLAGS_value=
ac_cv_env_LIBS_set=set
ac_cv_env_LIBS_value='-lpthread '
ac_cv_env_MPICH_ENABLE_CXX_set=set
ac_cv_env_MPICH_ENABLE_CXX_value=yes
ac_cv_env_MPICH_ENABLE_F77_set=set
ac_cv_env_MPICH_ENABLE_F77_value=yes
ac_cv_env_MPICH_ENABLE_FC_set=set
ac_cv_env_MPICH_ENABLE_FC_value=yes
ac_cv_env_MPICH_THREAD_LEVEL_set=set
ac_cv_env_MPICH_THREAD_LEVEL_value=MPI_THREAD_MULTIPLE
ac_cv_env_MPI_NO_RMA_set=set
ac_cv_env_MPI_NO_RMA_value=
ac_cv_env_MPI_NO_SPAWN_set=set
ac_cv_env_MPI_NO_SPAWN_value=
ac_cv_env_MPI_SIZEOF_AINT_set=set
ac_cv_env_MPI_SIZEOF_AINT_value=8
ac_cv_env_MPI_SIZEOF_OFFSET_set=set
ac_cv_env_MPI_SIZEOF_OFFSET_value=8
ac_cv_env_WRAPPER_CFLAGS_set=set
ac_cv_env_WRAPPER_CFLAGS_value=
ac_cv_env_WRAPPER_CPPFLAGS_set=set
ac_cv_env_WRAPPER_CPPFLAGS_value=
ac_cv_env_WRAPPER_CXXFLAGS_set=set
ac_cv_env_WRAPPER_CXXFLAGS_value=
ac_cv_env_WRAPPER_FCFLAGS_set=set
ac_cv_env_WRAPPER_FCFLAGS_value=
ac_cv_env_WRAPPER_FFLAGS_set=set
ac_cv_env_WRAPPER_FFLAGS_value=
ac_cv_env_WRAPPER_LDFLAGS_set=set
ac_cv_env_WRAPPER_LDFLAGS_value=
ac_cv_env_WRAPPER_LIBS_set=set
ac_cv_env_WRAPPER_LIBS_value='  -lrt -lpthread '
ac_cv_env_build_alias_set=
ac_cv_env_build_alias_value=
ac_cv_env_host_alias_set=
ac_cv_env_host_alias_value=
ac_cv_env_master_top_builddir_set=set
ac_cv_env_master_top_builddir_value=/home/timndus/msc_project/mpich/tmp
ac_cv_env_master_top_srcdir_set=set
ac_cv_env_master_top_srcdir_value=/home/timndus/msc_project/mpich/mpich-3.2.1
ac_cv_env_target_alias_set=
ac_cv_env_target_alias_value=
ac_cv_f77_compiler_gnu=yes
ac_cv_f77_libs=' -L/usr/lib/gcc/x86_64-linux-gnu/7 -L/usr/lib/gcc/x86_64-linux-gnu/7/../../../x86_64-linux-gnu -L/usr/lib/gcc/x86_64-linux-gnu/7/../../../../lib -L/lib/x86_64-linux-gnu -L/lib/../lib -L/usr/lib/x86_64-linux-gnu -L/usr/lib/../lib -L/usr/lib/gcc/x86_64-linux-gnu/7/../../.. -lpthread -lgfortran -lm -lquadmath'
ac_cv_fc_compiler_gnu=yes
ac_cv_fc_freeform=none
ac_cv_func_getrusage=yes
ac_cv_func_pthread_barrier_init=yes
ac_cv_func_pthread_barrier_wait=yes
ac_cv_func_pthread_create=yes
ac_cv_func_pthread_yield=yes
ac_cv_header_inttypes_h=yes
ac_cv_header_memory_h=yes
ac_cv_header_pthread_h=yes
ac_cv_header_stdarg_h=yes
ac_cv_header_stdc=yes
ac_cv_header_stdint_h=yes
ac_cv_header_stdlib_h=yes
ac_cv_header_string_h=yes
ac_cv_header_strings_h=yes
ac_cv_header_sys_resource_h=yes
ac_cv_header_sys_stat_h=yes
ac_cv_header_sys_time_h=yes
ac_cv_header_sys_types_h=yes
ac_cv_header_unistd_h=yes
ac_cv_host=x86_64-pc-linux-gnu
ac_cv_objext=o
ac_cv_path_EGREP='/bin/grep -E'
ac_cv_path_FGREP='/bin/grep -F'
ac_cv_path_GREP=/bin/grep
ac_cv_path_PERL=/usr/bin/perl
ac_cv_path_install='/usr/bin/install -c'
ac_cv_prog_AWK=gawk
ac_cv_prog_CPP='gcc -E'
ac_cv_prog_MAKE=make
ac_cv_prog_ac_ct_RANLIB=ranlib
ac_cv_prog_cc_c89=
ac_cv_prog_cc_g=yes
ac_cv_prog_cxx_g=yes
ac_cv_prog_f77_g=yes
ac_cv_prog_f77_v=-v
ac_cv_prog_fc_g=yes
ac_cv_prog_make_make_set=yes
ac_cv_search_gethostbyname='none required'
ac_cv_search_pthread_barrier_init='none required'
ac_cv_search_pthread_create=-lpthread
ac_cv_search_socket='none required'
ac_cv_sizeof_int=4
ac_cv_sizeof_long=8
ac_cv_sizeof_long_long=8
ac_cv_sizeof_short=2
ac_cv_sizeof_void_p=8
ac_cv_type__Bool=yes
ac_cv_type_double__Complex=yes
ac_cv_type_float__Complex=yes
ac_cv_type_long_double__Complex=yes
am_cv_CC_dependencies_compiler_type=gcc3
am_cv_CXX_dependencies_compiler_type=gcc3
am_cv_ar_interface=ar
am_cv_make_support_nested_variables=yes
am_cv_prog_cc_c_o=yes
pac_cv_cxx_has_iostream=yes
pac_cv_fc_has_args=yes
pac_cv_fc_module_case=lower
pac_cv_fc_module_ext=mod
pac_cv_fc_module_incflag=-I
pac_cv_fc_module_outflag=-J
pac_cv_fort_integer16=yes
pac_cv_fort_integer4=yes
pac_cv_fort_integer8=yes
pac_cv_getarg_needs_u77=no
pac_cv_have_haddr_list=yes
pac_cv_have_long_double=yes
pac_cv_have_long_long=yes
pac_cv_have_mpi_2complex=no
pac_cv_have_mpi_2double_complex=no
pac_cv_have_mpi_integer16=yes
pac_cv_have_mpio_request=no
pac_cv_my_conf_dir=/home/timndus/msc_project/mpich/tmp/test/mpi
pac_cv_prog_f77_has_pointer=yes
pac_cv_prog_f77_mismatched_args=yes
pac_cv_prog_f77_mismatched_args_parm=
pac_cv_prog_f77_name_mangle='lower uscore'
pac_cv_prog_fc_cross=no
pac_cv_prog_fc_has_pointer=yes
pac_cv_prog_fc_works=yes
pac_cv_prog_make_allows_comments=yes
pac_cv_prog_make_found_clock_skew=no
pac_cv_prog_make_include=yes
pac_cv_prog_make_set_cflags=yes
pac_cv_prog_make_vpath=VPATH

## ----------------- ##
## Output variables. ##
## ----------------- ##

ACLOCAL='${SHELL} /home/timndus/msc_project/mpich/mpich-3.2.1/test/mpi/confdb/missing aclocal-1.15'
ALLOCMEMF='allocmemf 1'
ALLOCMEMFC='allocmemf90 1'
AMDEPBACKSLASH='\'
AMDEP_FALSE='#'
AMDEP_TRUE=''
AMTAR='$${TAR-tar}'
AM_BACKSLASH='\'
AM_DEFAULT_V='$(AM_DEFAULT_VERBOSITY)'
AM_DEFAULT_VERBOSITY='0'
AM_V='$(V)'
AR='ar'
AUTOCONF='${SHELL} /home/timndus/msc_project/mpich/mpich-3.2.1/test/mpi/confdb/missing autoconf'
AUTOHEADER='${SHELL} /home/timndus/msc_project/mpich/mpich-3.2.1/test/mpi/confdb/missing autoheader'
AUTOMAKE='${SHELL} /home/timndus/msc_project/mpich/mpich-3.2.1/test/mpi/confdb/missing automake-1.15'
AWK='gawk'
BUILD_MPIX_TESTS_FALSE='#'
BUILD_MPIX_TESTS_TRUE=''
CC='/home/timndus/msc_project/mpich/mpich-install/bin/mpicc'
CCDEPMODE='depmode=gcc3'
CFLAGS=''
CPP='gcc -E'
CPPFLAGS=''
CXX='/home/timndus/msc_project/mpich/mpich-install/bin/mpicxx'
CXXCPP=''
CXXDEPMODE='depmode=gcc3'
CXXFLAGS=''
CYGPATH_W='echo'
DEFS='-DHAVE_CONFIG_H'
DEPDIR='.deps'
ECHO_C=''
ECHO_N='-n'
ECHO_T=''
EGREP='/bin/grep -E'
EXEEXT=''
F03SPAWNARGTEST=''
F77='/home/timndus/msc_project/mpich/mpich-install/bin/mpif77'
F77SPAWNARGTEST=''
F77_GETARG_LIBS=''
F77_MPI_ADDRESS='integer*8'
F77_MPI_OFFSET='integer*8'
F77_NAME_MANGLE='F77_NAME_LOWER_USCORE'
FC='/home/timndus/msc_project/mpich/mpich-install/bin/mpifort'
FCFLAGS='-fcray-pointer'
FCFLAGS_f90=''
FCMODEXT='mod'
FCMODINCFLAG='-I'
FCMODOUTFLAG='-J'
FC_GETARG_LIBS=''
FC_WORK_FILES_ARG=''
FFLAGS='-fcray-pointer'
FGREP='/bin/grep -F'
FLIBS=' -L/usr/lib/gcc/x86_64-linux-gnu/7 -L/usr/lib/gcc/x86_64-linux-gnu/7/../../../x86_64-linux-gnu -L/usr/lib/gcc/x86_64-linux-gnu/7/../../../../lib -L/lib/x86_64-linux-gnu -L/lib/../lib -L/usr/lib/x86_64-linux-gnu -L/usr/lib/../lib -L/usr/lib/gcc/x86_64-linux-gnu/7/../../.. -lpthread -lgfortran -lm -lquadmath'
FROM_MPICH='yes'
GREP='/bin/grep'
INSTALL_DATA='${INSTALL} -m 644'
INSTALL_PROGRAM='${INSTALL}'
INSTALL_SCRIPT='${INSTALL}'
INSTALL_STRIP_PROGRAM='$(install_sh) -c -s'
LDFLAGS=''
LIBOBJS=''
LIBS=''
LTLIBOBJS=''
MAINT=''
MAINTAINER_MODE_FALSE='#'
MAINTAINER_MODE_TRUE=''
MAKE='make'
MAKEINFO='${SHELL} /home/timndus/msc_project/mpich/mpich-3.2.1/test/mpi/confdb/missing makeinfo'
MKDIR_P='mkdir -p'
MPICC=''
MPICH_ENABLE_CXX='yes'
MPICH_ENABLE_F77='yes'
MPICH_ENABLE_FC='yes'
MPICH_THREAD_LEVEL='MPI_THREAD_MULTIPLE'
MPICXX=''
MPIEXEC='/home/timndus/msc_project/mpich/mpich-install/bin/mpiexec'
MPIF77=''
MPIFC=''
MPILIBLOC=''
MPILIBNAME='mpi'
MPI_HAS_MPIX='yes'
MPI_IS_STRICT='false'
MPI_NO_RMA=''
MPI_NO_SPAWN=''
MPI_SIZEOF_AINT='8'
MPI_SIZEOF_OFFSET='8'
MPI_SOURCE=''
MPI_SUBVERSION='1'
MPI_VERSION='3'
OBJEXT='o'
PACKAGE='mpich-testsuite'
PACKAGE_BUGREPORT='discuss@mpich.org'
PACKAGE_NAME='mpich-testsuite'
PACKAGE_STRING='mpich-testsuite 3.2.1'
PACKAGE_TARNAME='mpich-testsuite'
PACKAGE_URL='http://www.mpich.org/'
PACKAGE_VERSION='3.2.1'
PATH_SEPARATOR=':'
PERL='/usr/bin/perl'
RANLIB='ranlib'
RUN_XFAIL='false'
SET_CFLAGS='CFLAGS='
SET_MAKE='MAKE=make'
SHELL='/bin/bash'
STRIP=''
VERSION='3.2.1'
VPATH='VPATH=.:${srcdir}'
WRAPPER_CFLAGS=''
WRAPPER_CPPFLAGS=''
WRAPPER_CXXFLAGS=''
WRAPPER_FCFLAGS=''
WRAPPER_FFLAGS=''
WRAPPER_LDFLAGS=''
WRAPPER_LIBS='  -lrt -lpthread '
ac_ct_AR=''
ac_ct_CC=''
ac_ct_CXX=''
ac_ct_F77=''
ac_ct_FC=''
am__EXEEXT_FALSE=''
am__EXEEXT_TRUE='#'
am__fastdepCC_FALSE='#'
am__fastdepCC_TRUE=''
am__fastdepCXX_FALSE='#'
am__fastdepCXX_TRUE=''
am__include='include'
am__isrc=' -I$(srcdir)'
am__leading_dot='.'
am__nodep='_no'
am__quote=''
am__tar='$${TAR-tar} chof - "$$tardir"'
am__untar='$${TAR-tar} xf -'
bindir='${exec_prefix}/bin'
build='x86_64-pc-linux-gnu'
build_alias=''
build_cpu='x86_64'
build_os='linux-gnu'
build_vendor='pc'
ckpointdir='#ckpoint'
comm_overlap=''
cxxdir='cxx'
datadir='${datarootdir}'
datarootdir='${prefix}/share'
docdir='${datarootdir}/doc/${PACKAGE_TARNAME}'
dvidir='${docdir}'
errordir='errors'
exec_prefix='${prefix}'
f08dir='#'
f77dir='f77'
f90dir='f90'
faultsdir='#'
ftdir='ft'
host='x86_64-pc-linux-gnu'
host_alias=''
host_cpu='x86_64'
host_os='linux-gnu'
host_vendor='pc'
htmldir='${docdir}'
impldir='mpich'
includedir='${prefix}/include'
infodir='${datarootdir}/info'
install_sh='${SHELL} /home/timndus/msc_project/mpich/mpich-3.2.1/test/mpi/confdb/install-sh'
iodir='io'
largetest=''
libdir='${exec_prefix}/lib'
libexecdir='${exec_prefix}/libexec'
localedir='${datarootdir}/locale'
localstatedir='${prefix}/var'
mandir='${datarootdir}/man'
master_top_builddir='/home/timndus/msc_project/mpich/tmp'
master_top_srcdir='/home/timndus/msc_project/mpich/mpich-3.2.1'
mkdir_p='$(MKDIR_P)'
mpich_top_srcdir='/home/timndus/msc_project/mpich/mpich-3.2.1'
mpix=''
namepub_tests=''
nocxxdistgraph='#'
nslib=''
oldincludedir='/usr/include'
otherlangs=' f77 f90 cxx'
pdfdir='${docdir}'
perfdir='perf'
prefix='/home/timndus/msc_project/mpich/mpich-install'
program_transform_name='s,x,x,'
psdir='${docdir}'
rmadir='rma'
runstatedir='${localstatedir}/run'
sbindir='${exec_prefix}/sbin'
sharedstatedir='${prefix}/com'
socklib=''
spawndir='spawn'
sysconfdir='${prefix}/etc'
target_alias=''
threadlib='-lpthread'
threadsdir='threads'

## ----------- ##
## confdefs.h. ##
## ----------- ##

/* confdefs.h */
#define PACKAGE_NAME "mpich-testsuite"
#define PACKAGE_TARNAME "mpich-testsuite"
#define PACKAGE_VERSION "3.2.1"
#define PACKAGE_STRING "mpich-testsuite 3.2.1"
#define PACKAGE_BUGREPORT "discuss@mpich.org"
#define PACKAGE_URL "http://www.mpich.org/"
#define PACKAGE "mpich-testsuite"
#define VERSION "3.2.1"
#define HAVE_MPI_SPAWN 1
#define HAVE_MPI_WIN_CREATE 1
#define HAVE_LONG_DOUBLE 1
#define HAVE_LONG_LONG 1
#define restrict __restrict
#define STDC_HEADERS 1
#define HAVE_SYS_TYPES_H 1
#define HAVE_SYS_STAT_H 1
#define HAVE_STDLIB_H 1
#define HAVE_STRING_H 1
#define HAVE_MEMORY_H 1
#define HAVE_STRINGS_H 1
#define HAVE_INTTYPES_H 1
#define HAVE_STDINT_H 1
#define HAVE_UNISTD_H 1
#define HAVE_STDARG_H 1
#define HAVE_SYS_TIME_H 1
#define HAVE_SYS_RESOURCE_H 1
#define HAVE__BOOL 1
#define HAVE_FLOAT__COMPLEX 1
#define HAVE_DOUBLE__COMPLEX 1
#define HAVE_LONG_DOUBLE__COMPLEX 1
#define SIZEOF_VOID_P 8
#define USE_LONG_DOUBLE_COMPLEX 1
#define HAVE_PTHREAD_H 1
#define HAVE_PTHREAD_CREATE 1
#define HAVE_PTHREAD_YIELD 1
#define HAVE_PTHREAD_BARRIER_INIT 1
#define HAVE_PTHREAD_BARRIER_WAIT 1
#define HAVE_H_ADDR_LIST 1
#define HAVE_GETRUSAGE 1
#define HAVE_FORTRAN_BINDING 1
#define STDCALL 
#define F77_NAME_LOWER_USCORE 1
#define HAVE_IOSTREAM 1
#define HAVE_NAMESPACES /**/
#define HAVE_NAMESPACE_STD /**/
#define HAVE_MPI_IO 1
#define MPIO_USES_MPI_REQUEST /**/
#define HAVE_MPI_INTEGER16 1
#define SIZEOF_VOID_P 8
#define SIZEOF_INT 4
#define SIZEOF_LONG 8
#define SIZEOF_LONG_LONG 8
#define SIZEOF_SHORT 2
#define POINTERINT_t long

configure: exit 0
